<?xml version="1.0" encoding="UTF-8"?>
<!-- Generated by org.testng.reporters.JUnitXMLReporter -->
<testsuite hostname="Betuls-Air.attlocal.net" ignored="0" name="Test" tests="3" failures="1" timestamp="12 Jun 2019 01:18:04 GMT" time="14.997" errors="0">
  <testcase name="login" time="0.016" classname="com.Class05.SauceDemo">
    <failure type="org.testng.internal.reflect.MethodMatcherException" message="
Data provider mismatch
Method: login([])
Arguments: [(java.lang.String) standard_user,(java.lang.String) secret_sauce]">
      <![CDATA[org.testng.internal.reflect.MethodMatcherException: 
Data provider mismatch
Method: login([])
Arguments: [(java.lang.String) standard_user,(java.lang.String) secret_sauce]
at java.util.concurrent.ThreadPoolExecutor.runWorker(ThreadPoolExecutor.java:1149)
at java.util.concurrent.ThreadPoolExecutor$Worker.run(ThreadPoolExecutor.java:624)
at java.lang.Thread.run(Thread.java:748)
... Removed 5 stack frames]]>
    </failure>
  </testcase> <!-- login -->
  <testcase name="testUsers" time="1.206" classname="com.Class05.WebOrderDataProvider"/>
  <testcase name="testUsers" time="0.781" classname="com.Class05.WebOrderDataProvider"/>
</testsuite> <!-- Test -->
