<?xml version="1.0" encoding="UTF-8"?>
<testng-results skipped="0" failed="0" ignored="0" total="1" passed="1">
  <reporter-output>
  </reporter-output>
  <suite name="Default suite" duration-ms="8693" started-at="2019-06-17T04:37:21Z" finished-at="2019-06-17T04:37:30Z">
    <groups>
    </groups>
    <test name="Default test" duration-ms="8693" started-at="2019-06-17T04:37:21Z" finished-at="2019-06-17T04:37:30Z">
      <class name="com.Class01.orangehrmExample">
        <test-method status="PASS" signature="setUP()[pri:0, instance:com.Class01.orangehrmExample@6767c1fc]" name="setUP" is-config="true" duration-ms="2949" started-at="2019-06-17T04:37:21Z" finished-at="2019-06-17T04:37:24Z">
          <reporter-output>
          </reporter-output>
        </test-method> <!-- setUP -->
        <test-method status="PASS" signature="login()[pri:0, instance:com.Class01.orangehrmExample@6767c1fc]" name="login" duration-ms="5531" started-at="2019-06-17T04:37:24Z" finished-at="2019-06-17T04:37:30Z">
          <reporter-output>
          </reporter-output>
        </test-method> <!-- login -->
        <test-method status="PASS" signature="close()[pri:0, instance:com.Class01.orangehrmExample@6767c1fc]" name="close" is-config="true" duration-ms="150" started-at="2019-06-17T04:37:30Z" finished-at="2019-06-17T04:37:30Z">
          <reporter-output>
          </reporter-output>
        </test-method> <!-- close -->
      </class> <!-- com.Class01.orangehrmExample -->
    </test> <!-- Default test -->
  </suite> <!-- Default suite -->
</testng-results>
